<?xml version="1.0" encoding="UTF-8"?>
<testsuite name="com.example.demo.ImwebApplicationTests" tests="1" skipped="0" failures="0" errors="0" timestamp="2024-04-29T13:02:15" hostname="LAPTOP-U0SHH3DU" time="1.982">
  <properties/>
  <testcase name="contextLoads()" classname="com.example.demo.ImwebApplicationTests" time="1.982"/>
  <system-out><![CDATA[22:02:02.550 [Test worker] INFO org.springframework.test.context.support.AnnotationConfigContextLoaderUtils -- Could not detect default configuration classes for test class [com.example.demo.ImwebApplicationTests]: ImwebApplicationTests does not declare any static, non-private, non-final, nested classes annotated with @Configuration.
22:02:05.161 [Test worker] INFO org.springframework.boot.test.context.SpringBootTestContextBootstrapper -- Found @SpringBootConfiguration com.example.demo.ImwebApplication for test class com.example.demo.ImwebApplicationTests

  .   ____          _            __ _ _
 /\\ / ___'_ __ _ _(_)_ __  __ _ \ \ \ \
( ( )\___ | '_ | '_| | '_ \/ _` | \ \ \ \
 \\/  ___)| |_)| | | | | || (_| |  ) ) ) )
  '  |____| .__|_| |_|_| |_\__, | / / / /
 =========|_|==============|___/=/_/_/_/
 :: Spring Boot ::                (v3.2.4)

2024-04-29T22:02:09.646+09:00  INFO 4160 --- [imweb] [    Test worker] com.example.demo.ImwebApplicationTests   : Starting ImwebApplicationTests using Java 17.0.10 with PID 4160 (started by pc in C:\Users\pc\Desktop\blockweb-main\blockweb-main\demo\demo)
2024-04-29T22:02:09.653+09:00  INFO 4160 --- [imweb] [    Test worker] com.example.demo.ImwebApplicationTests   : No active profile set, falling back to 1 default profile: "default"
2024-04-29T22:02:12.205+09:00  WARN 4160 --- [imweb] [    Test worker] o.m.s.mapper.ClassPathMapperScanner      : No MyBatis mapper was found in '[com.example.demo]' package. Please check your configuration.
2024-04-29T22:02:13.443+09:00  INFO 4160 --- [imweb] [    Test worker] o.s.b.a.w.s.WelcomePageHandlerMapping    : Adding welcome page template: index
2024-04-29T22:02:15.469+09:00  INFO 4160 --- [imweb] [    Test worker] com.example.demo.ImwebApplicationTests   : Started ImwebApplicationTests in 8.015 seconds (process running for 18.345)
]]></system-out>
  <system-err><![CDATA[]]></system-err>
</testsuite>
